# JRE version: OpenJDK Runtime Environment (10.0.2+13) (build 10.0.2+13-Ubuntu-1ubuntu0.18.04.4)
# Java VM: OpenJDK 64-Bit Server VM (10.0.2+13-Ubuntu-1ubuntu0.18.04.4, mixed mode, tiered, compressed oops, g1 gc, linux-amd64)
Heap:
 garbage-first heap   total 839680K, used 222208K [0x00000000a4a00000, 0x0000000100000000)
  region size 1024K, 3 young (3072K), 3 survivors (3072K)
 Metaspace       used 12896K, capacity 13287K, committed 13568K, reserved 1060864K
  class space    used 1262K, capacity 1446K, committed 1536K, reserved 1048576K
GC Heap History (10 events):
Event: 8.236 GC heap after
{Heap after GC invocations=9 (full 0):
 garbage-first heap   total 243712K, used 114108K [0x00000000a4a00000, 0x0000000100000000)
  region size 1024K, 2 young (2048K), 2 survivors (2048K)
 Metaspace       used 12896K, capacity 13287K, committed 13568K, reserved 1060864K
  class space    used 1262K, capacity 1446K, committed 1536K, reserved 1048576K
}
Event: 8.381 GC heap before
{Heap before GC invocations=9 (full 0):
 garbage-first heap   total 243712K, used 134588K [0x00000000a4a00000, 0x0000000100000000)
  region size 1024K, 22 young (22528K), 2 survivors (2048K)
 Metaspace       used 12896K, capacity 13287K, committed 13568K, reserved 1060864K
  class space    used 1262K, capacity 1446K, committed 1536K, reserved 1048576K
}
Event: 8.531 GC heap after
{Heap after GC invocations=10 (full 0):
 garbage-first heap   total 400384K, used 135680K [0x00000000a4a00000, 0x0000000100000000)
  region size 1024K, 3 young (3072K), 3 survivors (3072K)
 Metaspace       used 12896K, capacity 13287K, committed 13568K, reserved 1060864K
  class space    used 1262K, capacity 1446K, committed 1536K, reserved 1048576K
}
Event: 8.741 GC heap before
{Heap before GC invocations=10 (full 0):
 garbage-first heap   total 400384K, used 158208K [0x00000000a4a00000, 0x0000000100000000)
  region size 1024K, 25 young (25600K), 3 survivors (3072K)
 Metaspace       used 12896K, capacity 13287K, committed 13568K, reserved 1060864K
  class space    used 1262K, capacity 1446K, committed 1536K, reserved 1048576K
}
Event: 8.930 GC heap after
{Heap after GC invocations=11 (full 0):
 garbage-first heap   total 400384K, used 159232K [0x00000000a4a00000, 0x0000000100000000)
  region size 1024K, 4 young (4096K), 4 survivors (4096K)
 Metaspace       used 12896K, capacity 13287K, committed 13568K, reserved 1060864K
  class space    used 1262K, capacity 1446K, committed 1536K, reserved 1048576K
}
Event: 9.074 GC heap before
{Heap before GC invocations=11 (full 0):
 garbage-first heap   total 400384K, used 179712K [0x00000000a4a00000, 0x0000000100000000)
  region size 1024K, 24 young (24576K), 4 survivors (4096K)
 Metaspace       used 12896K, capacity 13287K, committed 13568K, reserved 1060864K
  class space    used 1262K, capacity 1446K, committed 1536K, reserved 1048576K
}
Event: 9.270 GC heap after
{Heap after GC invocations=12 (full 0):
 garbage-first heap   total 400384K, used 180736K [0x00000000a4a00000, 0x0000000100000000)
  region size 1024K, 3 young (3072K), 3 survivors (3072K)
 Metaspace       used 12896K, capacity 13287K, committed 13568K, reserved 1060864K
  class space    used 1262K, capacity 1446K, committed 1536K, reserved 1048576K
}
Event: 9.394 GC heap before
{Heap before GC invocations=13 (full 0):
 garbage-first heap   total 400384K, used 204288K [0x00000000a4a00000, 0x0000000100000000)
  region size 1024K, 26 young (26624K), 3 survivors (3072K)
 Metaspace       used 12896K, capacity 13287K, committed 13568K, reserved 1060864K
  class space    used 1262K, capacity 1446K, committed 1536K, reserved 1048576K
}
Event: 9.568 GC heap after
{Heap after GC invocations=14 (full 0):
 garbage-first heap   total 400384K, used 205824K [0x00000000a4a00000, 0x0000000100000000)
  region size 1024K, 4 young (4096K), 4 survivors (4096K)
 Metaspace       used 12896K, capacity 13287K, committed 13568K, reserved 1060864K
  class space    used 1262K, capacity 1446K, committed 1536K, reserved 1048576K
}
Event: 9.643 GC heap before
{Heap before GC invocations=14 (full 0):
 garbage-first heap   total 400384K, used 221184K [0x00000000a4a00000, 0x0000000100000000)
  region size 1024K, 19 young (19456K), 4 survivors (4096K)
 Metaspace       used 12896K, capacity 13287K, committed 13568K, reserved 1060864K
  class space    used 1262K, capacity 1446K, committed 1536K, reserved 1048576K
}

